<?xml version="1.0" encoding="UTF-8"?>
<testng-results ignored="0" total="1" passed="1" failed="0" skipped="0">
  <reporter-output>
  </reporter-output>
  <suite started-at="2025-05-15T16:12:04 EDT" name="LoginSuite" finished-at="2025-05-15T16:12:11 EDT" duration-ms="7405">
    <groups>
    </groups>
    <test started-at="2025-05-15T16:12:04 EDT" name="LoginTests" finished-at="2025-05-15T16:12:11 EDT" duration-ms="7405">
      <class name="tests.LoginTest">
        <test-method is-config="true" signature="setUp()[pri:0, instance:tests.LoginTest@17f62e33]" started-at="2025-05-15T16:12:04 EDT" name="setUp" finished-at="2025-05-15T16:12:09 EDT" duration-ms="5457" status="PASS">
          <reporter-output>
          </reporter-output>
        </test-method> <!-- setUp -->
        <test-method signature="testValidLogin()[pri:0, instance:tests.LoginTest@17f62e33]" started-at="2025-05-15T16:12:09 EDT" name="testValidLogin" finished-at="2025-05-15T16:12:11 EDT" duration-ms="1407" status="PASS">
          <reporter-output>
          </reporter-output>
        </test-method> <!-- testValidLogin -->
        <test-method is-config="true" signature="tearDown()[pri:0, instance:tests.LoginTest@17f62e33]" started-at="2025-05-15T16:12:11 EDT" name="tearDown" finished-at="2025-05-15T16:12:11 EDT" duration-ms="467" status="PASS">
          <reporter-output>
          </reporter-output>
        </test-method> <!-- tearDown -->
      </class> <!-- tests.LoginTest -->
    </test> <!-- LoginTests -->
  </suite> <!-- LoginSuite -->
</testng-results>
